2023-11-13T17:47:35.157+09:00  INFO 18128 --- [main] com.example.demo.DemoApplication         : Starting DemoApplication using Java 21.0.1 with PID 18128 (/Users/appmanager/Documents/spring-app/demo/target/classes started by appmanager in /Users/appmanager/Documents/spring-app/demo)
2023-11-13T17:47:35.359+09:00  INFO 18128 --- [main] com.example.demo.DemoApplication         : The following 1 profile is active: "test"
2023-11-13T17:47:37.042+09:00  INFO 18128 --- [main] .s.d.r.c.RepositoryConfigurationDelegate : Bootstrapping Spring Data JPA repositories in DEFAULT mode.
2023-11-13T17:47:37.137+09:00  INFO 18128 --- [main] .s.d.r.c.RepositoryConfigurationDelegate : Finished Spring Data repository scanning in 79 ms. Found 3 JPA repository interfaces.
2023-11-13T17:47:37.556+09:00  INFO 18128 --- [main] ptablePropertiesBeanFactoryPostProcessor : Post-processing PropertySource instances
2023-11-13T17:47:37.557+09:00  INFO 18128 --- [main] c.u.j.EncryptablePropertySourceConverter : Skipping PropertySource configurationProperties [class org.springframework.boot.context.properties.source.ConfigurationPropertySourcesPropertySource
2023-11-13T17:47:37.560+09:00  INFO 18128 --- [main] c.u.j.EncryptablePropertySourceConverter : Skipping PropertySource servletConfigInitParams [class org.springframework.core.env.PropertySource$StubPropertySource
2023-11-13T17:47:37.560+09:00  INFO 18128 --- [main] c.u.j.EncryptablePropertySourceConverter : Skipping PropertySource servletContextInitParams [class org.springframework.core.env.PropertySource$StubPropertySource
2023-11-13T17:47:37.562+09:00  INFO 18128 --- [main] c.u.j.EncryptablePropertySourceConverter : Converting PropertySource systemProperties [org.springframework.core.env.PropertiesPropertySource] to EncryptableMapPropertySourceWrapper
2023-11-13T17:47:37.562+09:00  INFO 18128 --- [main] c.u.j.EncryptablePropertySourceConverter : Converting PropertySource systemEnvironment [org.springframework.boot.env.SystemEnvironmentPropertySourceEnvironmentPostProcessor$OriginAwareSystemEnvironmentPropertySource] to EncryptableSystemEnvironmentPropertySourceWrapper
2023-11-13T17:47:37.580+09:00  INFO 18128 --- [main] c.u.j.EncryptablePropertySourceConverter : Converting PropertySource random [org.springframework.boot.env.RandomValuePropertySource] to EncryptablePropertySourceWrapper
2023-11-13T17:47:37.584+09:00  INFO 18128 --- [main] c.u.j.EncryptablePropertySourceConverter : Converting PropertySource Config resource 'class path resource [application.properties]' via location 'optional:classpath:/' [org.springframework.boot.env.OriginTrackedMapPropertySource] to EncryptableMapPropertySourceWrapper
2023-11-13T17:47:37.857+09:00  INFO 18128 --- [main] c.u.j.filter.DefaultLazyPropertyFilter   : Property Filter custom Bean not found with name 'encryptablePropertyFilter'. Initializing Default Property Filter
2023-11-13T17:47:37.872+09:00  INFO 18128 --- [main] c.u.j.r.DefaultLazyPropertyResolver      : Property Resolver custom Bean not found with name 'encryptablePropertyResolver'. Initializing Default Property Resolver
2023-11-13T17:47:37.875+09:00  INFO 18128 --- [main] c.u.j.d.DefaultLazyPropertyDetector      : Property Detector custom Bean not found with name 'encryptablePropertyDetector'. Initializing Default Property Detector
2023-11-13T17:47:38.321+09:00  INFO 18128 --- [main] o.s.b.w.embedded.tomcat.TomcatWebServer  : Tomcat initialized with port(s): 9090 (http)
2023-11-13T17:47:38.339+09:00  INFO 18128 --- [main] o.apache.catalina.core.StandardService   : Starting service [Tomcat]
2023-11-13T17:47:38.339+09:00  INFO 18128 --- [main] o.apache.catalina.core.StandardEngine    : Starting Servlet engine: [Apache Tomcat/10.1.15]
2023-11-13T17:47:38.478+09:00  INFO 18128 --- [main] o.a.c.c.C.[Tomcat].[localhost].[/]       : Initializing Spring embedded WebApplicationContext
2023-11-13T17:47:38.478+09:00  INFO 18128 --- [main] w.s.c.ServletWebServerApplicationContext : Root WebApplicationContext: initialization completed in 2596 ms
2023-11-13T17:47:38.666+09:00  INFO 18128 --- [main] com.zaxxer.hikari.HikariDataSource       : HikariPool-1 - Starting...
2023-11-13T17:47:39.156+09:00  INFO 18128 --- [main] com.zaxxer.hikari.pool.HikariPool        : HikariPool-1 - Added connection conn0: url=jdbc:h2:mem:d7bc477c-6c1a-4112-8e80-d103afeb123e user=SA
2023-11-13T17:47:39.163+09:00  INFO 18128 --- [main] com.zaxxer.hikari.HikariDataSource       : HikariPool-1 - Start completed.
2023-11-13T17:47:39.227+09:00  INFO 18128 --- [main] o.hibernate.jpa.internal.util.LogHelper  : HHH000204: Processing PersistenceUnitInfo [name: default]
2023-11-13T17:47:39.310+09:00  INFO 18128 --- [main] org.hibernate.Version                    : HHH000412: Hibernate ORM core version 6.2.13.Final
2023-11-13T17:47:39.314+09:00  INFO 18128 --- [main] org.hibernate.cfg.Environment            : HHH000406: Using bytecode reflection optimizer
2023-11-13T17:47:39.704+09:00  INFO 18128 --- [main] o.s.o.j.p.SpringPersistenceUnitInfo      : No LoadTimeWeaver setup: ignoring JPA class transformer
2023-11-13T17:47:40.884+09:00  INFO 18128 --- [main] o.h.e.t.j.p.i.JtaPlatformInitiator       : HHH000489: No JTA platform available (set 'hibernate.transaction.jta.platform' to enable JTA platform integration)
2023-11-13T17:47:40.941+09:00  INFO 18128 --- [main] j.LocalContainerEntityManagerFactoryBean : Initialized JPA EntityManagerFactory for persistence unit 'default'
2023-11-13T17:47:41.046+09:00  WARN 18128 --- [main] ConfigServletWebServerApplicationContext : Exception encountered during context initialization - cancelling refresh attempt: org.springframework.beans.factory.BeanCreationException: Error creating bean with name 'empController': Injection of autowired dependencies failed
2023-11-13T17:47:41.047+09:00  INFO 18128 --- [main] j.LocalContainerEntityManagerFactoryBean : Closing JPA EntityManagerFactory for persistence unit 'default'
2023-11-13T17:47:41.055+09:00  INFO 18128 --- [main] com.zaxxer.hikari.HikariDataSource       : HikariPool-1 - Shutdown initiated...
2023-11-13T17:47:41.057+09:00  INFO 18128 --- [main] com.zaxxer.hikari.HikariDataSource       : HikariPool-1 - Shutdown completed.
2023-11-13T17:47:41.060+09:00  INFO 18128 --- [main] o.apache.catalina.core.StandardService   : Stopping service [Tomcat]
2023-11-13T17:47:41.079+09:00  INFO 18128 --- [main] .s.b.a.l.ConditionEvaluationReportLogger : 

Error starting ApplicationContext. To display the condition evaluation report re-run your application with 'debug' enabled.
2023-11-13T17:47:41.116+09:00 ERROR 18128 --- [main] o.s.boot.SpringApplication               : Application run failed

org.springframework.beans.factory.BeanCreationException: Error creating bean with name 'empController': Injection of autowired dependencies failed
	at org.springframework.beans.factory.annotation.AutowiredAnnotationBeanPostProcessor.postProcessProperties(AutowiredAnnotationBeanPostProcessor.java:498) ~[spring-beans-6.0.13.jar:6.0.13]
	at org.springframework.beans.factory.support.AbstractAutowireCapableBeanFactory.populateBean(AbstractAutowireCapableBeanFactory.java:1416) ~[spring-beans-6.0.13.jar:6.0.13]
	at org.springframework.beans.factory.support.AbstractAutowireCapableBeanFactory.doCreateBean(AbstractAutowireCapableBeanFactory.java:597) ~[spring-beans-6.0.13.jar:6.0.13]
	at org.springframework.beans.factory.support.AbstractAutowireCapableBeanFactory.createBean(AbstractAutowireCapableBeanFactory.java:520) ~[spring-beans-6.0.13.jar:6.0.13]
	at org.springframework.beans.factory.support.AbstractBeanFactory.lambda$doGetBean$0(AbstractBeanFactory.java:325) ~[spring-beans-6.0.13.jar:6.0.13]
	at org.springframework.beans.factory.support.DefaultSingletonBeanRegistry.getSingleton(DefaultSingletonBeanRegistry.java:234) ~[spring-beans-6.0.13.jar:6.0.13]
	at org.springframework.beans.factory.support.AbstractBeanFactory.doGetBean(AbstractBeanFactory.java:323) ~[spring-beans-6.0.13.jar:6.0.13]
	at org.springframework.beans.factory.support.AbstractBeanFactory.getBean(AbstractBeanFactory.java:199) ~[spring-beans-6.0.13.jar:6.0.13]
	at org.springframework.beans.factory.support.DefaultListableBeanFactory.preInstantiateSingletons(DefaultListableBeanFactory.java:973) ~[spring-beans-6.0.13.jar:6.0.13]
	at org.springframework.context.support.AbstractApplicationContext.finishBeanFactoryInitialization(AbstractApplicationContext.java:950) ~[spring-context-6.0.13.jar:6.0.13]
	at org.springframework.context.support.AbstractApplicationContext.refresh(AbstractApplicationContext.java:616) ~[spring-context-6.0.13.jar:6.0.13]
	at org.springframework.boot.web.servlet.context.ServletWebServerApplicationContext.refresh(ServletWebServerApplicationContext.java:146) ~[spring-boot-3.1.5.jar:3.1.5]
	at org.springframework.boot.SpringApplication.refresh(SpringApplication.java:738) ~[spring-boot-3.1.5.jar:3.1.5]
	at org.springframework.boot.SpringApplication.refreshContext(SpringApplication.java:440) ~[spring-boot-3.1.5.jar:3.1.5]
	at org.springframework.boot.SpringApplication.run(SpringApplication.java:316) ~[spring-boot-3.1.5.jar:3.1.5]
	at org.springframework.boot.SpringApplication.run(SpringApplication.java:1306) ~[spring-boot-3.1.5.jar:3.1.5]
	at org.springframework.boot.SpringApplication.run(SpringApplication.java:1295) ~[spring-boot-3.1.5.jar:3.1.5]
	at com.example.demo.DemoApplication.main(DemoApplication.java:10) ~[classes/:na]
Caused by: java.lang.IllegalArgumentException: Could not resolve placeholder 'app.name' in value "${app.name}"
	at org.springframework.util.PropertyPlaceholderHelper.parseStringValue(PropertyPlaceholderHelper.java:180) ~[spring-core-6.0.13.jar:6.0.13]
	at org.springframework.util.PropertyPlaceholderHelper.replacePlaceholders(PropertyPlaceholderHelper.java:126) ~[spring-core-6.0.13.jar:6.0.13]
	at org.springframework.core.env.AbstractPropertyResolver.doResolvePlaceholders(AbstractPropertyResolver.java:239) ~[spring-core-6.0.13.jar:6.0.13]
	at org.springframework.core.env.AbstractPropertyResolver.resolveRequiredPlaceholders(AbstractPropertyResolver.java:210) ~[spring-core-6.0.13.jar:6.0.13]
	at org.springframework.context.support.PropertySourcesPlaceholderConfigurer.lambda$processProperties$0(PropertySourcesPlaceholderConfigurer.java:200) ~[spring-context-6.0.13.jar:6.0.13]
	at org.springframework.beans.factory.support.AbstractBeanFactory.resolveEmbeddedValue(AbstractBeanFactory.java:918) ~[spring-beans-6.0.13.jar:6.0.13]
	at org.springframework.beans.factory.support.DefaultListableBeanFactory.doResolveDependency(DefaultListableBeanFactory.java:1358) ~[spring-beans-6.0.13.jar:6.0.13]
	at org.springframework.beans.factory.support.DefaultListableBeanFactory.resolveDependency(DefaultListableBeanFactory.java:1337) ~[spring-beans-6.0.13.jar:6.0.13]
	at org.springframework.beans.factory.annotation.AutowiredAnnotationBeanPostProcessor$AutowiredFieldElement.resolveFieldValue(AutowiredAnnotationBeanPostProcessor.java:764) ~[spring-beans-6.0.13.jar:6.0.13]
	at org.springframework.beans.factory.annotation.AutowiredAnnotationBeanPostProcessor$AutowiredFieldElement.inject(AutowiredAnnotationBeanPostProcessor.java:747) ~[spring-beans-6.0.13.jar:6.0.13]
	at org.springframework.beans.factory.annotation.InjectionMetadata.inject(InjectionMetadata.java:145) ~[spring-beans-6.0.13.jar:6.0.13]
	at org.springframework.beans.factory.annotation.AutowiredAnnotationBeanPostProcessor.postProcessProperties(AutowiredAnnotationBeanPostProcessor.java:492) ~[spring-beans-6.0.13.jar:6.0.13]
	... 17 common frames omitted

2023-11-13T17:48:11.510+09:00  INFO 18137 --- [main] com.example.demo.DemoApplication         : Starting DemoApplication using Java 21.0.1 with PID 18137 (/Users/appmanager/Documents/spring-app/demo/target/classes started by appmanager in /Users/appmanager/Documents/spring-app/demo)
2023-11-13T17:48:11.515+09:00  INFO 18137 --- [main] com.example.demo.DemoApplication         : The following 1 profile is active: "local"
2023-11-13T17:48:12.428+09:00  INFO 18137 --- [main] .s.d.r.c.RepositoryConfigurationDelegate : Bootstrapping Spring Data JPA repositories in DEFAULT mode.
2023-11-13T17:48:12.519+09:00  INFO 18137 --- [main] .s.d.r.c.RepositoryConfigurationDelegate : Finished Spring Data repository scanning in 80 ms. Found 3 JPA repository interfaces.
2023-11-13T17:48:12.909+09:00  INFO 18137 --- [main] ptablePropertiesBeanFactoryPostProcessor : Post-processing PropertySource instances
2023-11-13T17:48:12.911+09:00  INFO 18137 --- [main] c.u.j.EncryptablePropertySourceConverter : Skipping PropertySource configurationProperties [class org.springframework.boot.context.properties.source.ConfigurationPropertySourcesPropertySource
2023-11-13T17:48:12.913+09:00  INFO 18137 --- [main] c.u.j.EncryptablePropertySourceConverter : Skipping PropertySource servletConfigInitParams [class org.springframework.core.env.PropertySource$StubPropertySource
2023-11-13T17:48:12.913+09:00  INFO 18137 --- [main] c.u.j.EncryptablePropertySourceConverter : Skipping PropertySource servletContextInitParams [class org.springframework.core.env.PropertySource$StubPropertySource
2023-11-13T17:48:12.914+09:00  INFO 18137 --- [main] c.u.j.EncryptablePropertySourceConverter : Converting PropertySource systemProperties [org.springframework.core.env.PropertiesPropertySource] to EncryptableMapPropertySourceWrapper
2023-11-13T17:48:12.915+09:00  INFO 18137 --- [main] c.u.j.EncryptablePropertySourceConverter : Converting PropertySource systemEnvironment [org.springframework.boot.env.SystemEnvironmentPropertySourceEnvironmentPostProcessor$OriginAwareSystemEnvironmentPropertySource] to EncryptableSystemEnvironmentPropertySourceWrapper
2023-11-13T17:48:12.915+09:00  INFO 18137 --- [main] c.u.j.EncryptablePropertySourceConverter : Converting PropertySource random [org.springframework.boot.env.RandomValuePropertySource] to EncryptablePropertySourceWrapper
2023-11-13T17:48:12.915+09:00  INFO 18137 --- [main] c.u.j.EncryptablePropertySourceConverter : Converting PropertySource Config resource 'class path resource [application-local.properties]' via location 'optional:classpath:/' [org.springframework.boot.env.OriginTrackedMapPropertySource] to EncryptableMapPropertySourceWrapper
2023-11-13T17:48:12.915+09:00  INFO 18137 --- [main] c.u.j.EncryptablePropertySourceConverter : Converting PropertySource Config resource 'class path resource [application.properties]' via location 'optional:classpath:/' [org.springframework.boot.env.OriginTrackedMapPropertySource] to EncryptableMapPropertySourceWrapper
2023-11-13T17:48:13.101+09:00  INFO 18137 --- [main] c.u.j.filter.DefaultLazyPropertyFilter   : Property Filter custom Bean not found with name 'encryptablePropertyFilter'. Initializing Default Property Filter
2023-11-13T17:48:13.114+09:00  INFO 18137 --- [main] c.u.j.r.DefaultLazyPropertyResolver      : Property Resolver custom Bean not found with name 'encryptablePropertyResolver'. Initializing Default Property Resolver
2023-11-13T17:48:13.119+09:00  INFO 18137 --- [main] c.u.j.d.DefaultLazyPropertyDetector      : Property Detector custom Bean not found with name 'encryptablePropertyDetector'. Initializing Default Property Detector
2023-11-13T17:48:13.451+09:00  INFO 18137 --- [main] o.s.b.w.embedded.tomcat.TomcatWebServer  : Tomcat initialized with port(s): 9090 (http)
2023-11-13T17:48:13.463+09:00  INFO 18137 --- [main] o.apache.catalina.core.StandardService   : Starting service [Tomcat]
2023-11-13T17:48:13.464+09:00  INFO 18137 --- [main] o.apache.catalina.core.StandardEngine    : Starting Servlet engine: [Apache Tomcat/10.1.15]
2023-11-13T17:48:13.575+09:00  INFO 18137 --- [main] o.a.c.c.C.[Tomcat].[localhost].[/]       : Initializing Spring embedded WebApplicationContext
2023-11-13T17:48:13.576+09:00  INFO 18137 --- [main] w.s.c.ServletWebServerApplicationContext : Root WebApplicationContext: initialization completed in 1962 ms
2023-11-13T17:48:13.614+09:00  INFO 18137 --- [main] com.zaxxer.hikari.HikariDataSource       : HikariPool-1 - Starting...
2023-11-13T17:48:14.060+09:00  INFO 18137 --- [main] com.zaxxer.hikari.pool.HikariPool        : HikariPool-1 - Added connection conn0: url=jdbc:h2:mem:testdb user=SA
2023-11-13T17:48:14.062+09:00  INFO 18137 --- [main] com.zaxxer.hikari.HikariDataSource       : HikariPool-1 - Start completed.
2023-11-13T17:48:14.075+09:00  INFO 18137 --- [main] o.s.b.a.h2.H2ConsoleAutoConfiguration    : H2 console available at '/h2-console'. Database available at 'jdbc:h2:mem:testdb'
2023-11-13T17:48:14.254+09:00  INFO 18137 --- [main] o.hibernate.jpa.internal.util.LogHelper  : HHH000204: Processing PersistenceUnitInfo [name: default]
2023-11-13T17:48:14.350+09:00  INFO 18137 --- [main] org.hibernate.Version                    : HHH000412: Hibernate ORM core version 6.2.13.Final
2023-11-13T17:48:14.355+09:00  INFO 18137 --- [main] org.hibernate.cfg.Environment            : HHH000406: Using bytecode reflection optimizer
2023-11-13T17:48:14.714+09:00  INFO 18137 --- [main] o.s.o.j.p.SpringPersistenceUnitInfo      : No LoadTimeWeaver setup: ignoring JPA class transformer
2023-11-13T17:48:15.870+09:00  INFO 18137 --- [main] o.h.e.t.j.p.i.JtaPlatformInitiator       : HHH000489: No JTA platform available (set 'hibernate.transaction.jta.platform' to enable JTA platform integration)
2023-11-13T17:48:15.921+09:00  INFO 18137 --- [main] j.LocalContainerEntityManagerFactoryBean : Initialized JPA EntityManagerFactory for persistence unit 'default'
2023-11-13T17:48:16.521+09:00  INFO 18137 --- [main] o.s.d.j.r.query.QueryEnhancerFactory     : Hibernate is in classpath; If applicable, HQL parser will be used.
2023-11-13T17:48:17.076+09:00  WARN 18137 --- [main] ConfigServletWebServerApplicationContext : Exception encountered during context initialization - cancelling refresh attempt: org.springframework.beans.factory.BeanCreationException: Error creating bean with name 'empController': Injection of autowired dependencies failed
2023-11-13T17:48:17.077+09:00  INFO 18137 --- [main] j.LocalContainerEntityManagerFactoryBean : Closing JPA EntityManagerFactory for persistence unit 'default'
2023-11-13T17:48:17.086+09:00  INFO 18137 --- [main] com.zaxxer.hikari.HikariDataSource       : HikariPool-1 - Shutdown initiated...
2023-11-13T17:48:17.089+09:00  INFO 18137 --- [main] com.zaxxer.hikari.HikariDataSource       : HikariPool-1 - Shutdown completed.
2023-11-13T17:48:17.091+09:00  INFO 18137 --- [main] o.apache.catalina.core.StandardService   : Stopping service [Tomcat]
2023-11-13T17:48:17.103+09:00  INFO 18137 --- [main] .s.b.a.l.ConditionEvaluationReportLogger : 

Error starting ApplicationContext. To display the condition evaluation report re-run your application with 'debug' enabled.
2023-11-13T17:48:17.125+09:00 ERROR 18137 --- [main] o.s.boot.SpringApplication               : Application run failed

org.springframework.beans.factory.BeanCreationException: Error creating bean with name 'empController': Injection of autowired dependencies failed
	at org.springframework.beans.factory.annotation.AutowiredAnnotationBeanPostProcessor.postProcessProperties(AutowiredAnnotationBeanPostProcessor.java:498) ~[spring-beans-6.0.13.jar:6.0.13]
	at org.springframework.beans.factory.support.AbstractAutowireCapableBeanFactory.populateBean(AbstractAutowireCapableBeanFactory.java:1416) ~[spring-beans-6.0.13.jar:6.0.13]
	at org.springframework.beans.factory.support.AbstractAutowireCapableBeanFactory.doCreateBean(AbstractAutowireCapableBeanFactory.java:597) ~[spring-beans-6.0.13.jar:6.0.13]
	at org.springframework.beans.factory.support.AbstractAutowireCapableBeanFactory.createBean(AbstractAutowireCapableBeanFactory.java:520) ~[spring-beans-6.0.13.jar:6.0.13]
	at org.springframework.beans.factory.support.AbstractBeanFactory.lambda$doGetBean$0(AbstractBeanFactory.java:325) ~[spring-beans-6.0.13.jar:6.0.13]
	at org.springframework.beans.factory.support.DefaultSingletonBeanRegistry.getSingleton(DefaultSingletonBeanRegistry.java:234) ~[spring-beans-6.0.13.jar:6.0.13]
	at org.springframework.beans.factory.support.AbstractBeanFactory.doGetBean(AbstractBeanFactory.java:323) ~[spring-beans-6.0.13.jar:6.0.13]
	at org.springframework.beans.factory.support.AbstractBeanFactory.getBean(AbstractBeanFactory.java:199) ~[spring-beans-6.0.13.jar:6.0.13]
	at org.springframework.beans.factory.support.DefaultListableBeanFactory.preInstantiateSingletons(DefaultListableBeanFactory.java:973) ~[spring-beans-6.0.13.jar:6.0.13]
	at org.springframework.context.support.AbstractApplicationContext.finishBeanFactoryInitialization(AbstractApplicationContext.java:950) ~[spring-context-6.0.13.jar:6.0.13]
	at org.springframework.context.support.AbstractApplicationContext.refresh(AbstractApplicationContext.java:616) ~[spring-context-6.0.13.jar:6.0.13]
	at org.springframework.boot.web.servlet.context.ServletWebServerApplicationContext.refresh(ServletWebServerApplicationContext.java:146) ~[spring-boot-3.1.5.jar:3.1.5]
	at org.springframework.boot.SpringApplication.refresh(SpringApplication.java:738) ~[spring-boot-3.1.5.jar:3.1.5]
	at org.springframework.boot.SpringApplication.refreshContext(SpringApplication.java:440) ~[spring-boot-3.1.5.jar:3.1.5]
	at org.springframework.boot.SpringApplication.run(SpringApplication.java:316) ~[spring-boot-3.1.5.jar:3.1.5]
	at org.springframework.boot.SpringApplication.run(SpringApplication.java:1306) ~[spring-boot-3.1.5.jar:3.1.5]
	at org.springframework.boot.SpringApplication.run(SpringApplication.java:1295) ~[spring-boot-3.1.5.jar:3.1.5]
	at com.example.demo.DemoApplication.main(DemoApplication.java:10) ~[classes/:na]
Caused by: java.lang.IllegalArgumentException: Could not resolve placeholder 'app.name' in value "${app.name}"
	at org.springframework.util.PropertyPlaceholderHelper.parseStringValue(PropertyPlaceholderHelper.java:180) ~[spring-core-6.0.13.jar:6.0.13]
	at org.springframework.util.PropertyPlaceholderHelper.replacePlaceholders(PropertyPlaceholderHelper.java:126) ~[spring-core-6.0.13.jar:6.0.13]
	at org.springframework.core.env.AbstractPropertyResolver.doResolvePlaceholders(AbstractPropertyResolver.java:239) ~[spring-core-6.0.13.jar:6.0.13]
	at org.springframework.core.env.AbstractPropertyResolver.resolveRequiredPlaceholders(AbstractPropertyResolver.java:210) ~[spring-core-6.0.13.jar:6.0.13]
	at org.springframework.context.support.PropertySourcesPlaceholderConfigurer.lambda$processProperties$0(PropertySourcesPlaceholderConfigurer.java:200) ~[spring-context-6.0.13.jar:6.0.13]
	at org.springframework.beans.factory.support.AbstractBeanFactory.resolveEmbeddedValue(AbstractBeanFactory.java:918) ~[spring-beans-6.0.13.jar:6.0.13]
	at org.springframework.beans.factory.support.DefaultListableBeanFactory.doResolveDependency(DefaultListableBeanFactory.java:1358) ~[spring-beans-6.0.13.jar:6.0.13]
	at org.springframework.beans.factory.support.DefaultListableBeanFactory.resolveDependency(DefaultListableBeanFactory.java:1337) ~[spring-beans-6.0.13.jar:6.0.13]
	at org.springframework.beans.factory.annotation.AutowiredAnnotationBeanPostProcessor$AutowiredFieldElement.resolveFieldValue(AutowiredAnnotationBeanPostProcessor.java:764) ~[spring-beans-6.0.13.jar:6.0.13]
	at org.springframework.beans.factory.annotation.AutowiredAnnotationBeanPostProcessor$AutowiredFieldElement.inject(AutowiredAnnotationBeanPostProcessor.java:747) ~[spring-beans-6.0.13.jar:6.0.13]
	at org.springframework.beans.factory.annotation.InjectionMetadata.inject(InjectionMetadata.java:145) ~[spring-beans-6.0.13.jar:6.0.13]
	at org.springframework.beans.factory.annotation.AutowiredAnnotationBeanPostProcessor.postProcessProperties(AutowiredAnnotationBeanPostProcessor.java:492) ~[spring-beans-6.0.13.jar:6.0.13]
	... 17 common frames omitted

2023-11-13T17:49:09.475+09:00  INFO 18145 --- [main] com.example.demo.DemoApplication         : Starting DemoApplication using Java 21.0.1 with PID 18145 (/Users/appmanager/Documents/spring-app/demo/target/classes started by appmanager in /Users/appmanager/Documents/spring-app/demo)
2023-11-13T17:49:09.478+09:00  INFO 18145 --- [main] com.example.demo.DemoApplication         : The following 1 profile is active: "local"
2023-11-13T17:49:10.412+09:00  INFO 18145 --- [main] .s.d.r.c.RepositoryConfigurationDelegate : Bootstrapping Spring Data JPA repositories in DEFAULT mode.
2023-11-13T17:49:10.503+09:00  INFO 18145 --- [main] .s.d.r.c.RepositoryConfigurationDelegate : Finished Spring Data repository scanning in 80 ms. Found 3 JPA repository interfaces.
2023-11-13T17:49:11.172+09:00  INFO 18145 --- [main] ptablePropertiesBeanFactoryPostProcessor : Post-processing PropertySource instances
2023-11-13T17:49:11.178+09:00  INFO 18145 --- [main] c.u.j.EncryptablePropertySourceConverter : Skipping PropertySource configurationProperties [class org.springframework.boot.context.properties.source.ConfigurationPropertySourcesPropertySource
2023-11-13T17:49:11.182+09:00  INFO 18145 --- [main] c.u.j.EncryptablePropertySourceConverter : Skipping PropertySource servletConfigInitParams [class org.springframework.core.env.PropertySource$StubPropertySource
2023-11-13T17:49:11.182+09:00  INFO 18145 --- [main] c.u.j.EncryptablePropertySourceConverter : Skipping PropertySource servletContextInitParams [class org.springframework.core.env.PropertySource$StubPropertySource
2023-11-13T17:49:11.187+09:00  INFO 18145 --- [main] c.u.j.EncryptablePropertySourceConverter : Converting PropertySource systemProperties [org.springframework.core.env.PropertiesPropertySource] to EncryptableMapPropertySourceWrapper
2023-11-13T17:49:11.188+09:00  INFO 18145 --- [main] c.u.j.EncryptablePropertySourceConverter : Converting PropertySource systemEnvironment [org.springframework.boot.env.SystemEnvironmentPropertySourceEnvironmentPostProcessor$OriginAwareSystemEnvironmentPropertySource] to EncryptableSystemEnvironmentPropertySourceWrapper
2023-11-13T17:49:11.189+09:00  INFO 18145 --- [main] c.u.j.EncryptablePropertySourceConverter : Converting PropertySource random [org.springframework.boot.env.RandomValuePropertySource] to EncryptablePropertySourceWrapper
2023-11-13T17:49:11.189+09:00  INFO 18145 --- [main] c.u.j.EncryptablePropertySourceConverter : Converting PropertySource Config resource 'class path resource [config/default-local.properties]' via location 'optional:classpath:/config/default.properties' [org.springframework.boot.env.OriginTrackedMapPropertySource] to EncryptableMapPropertySourceWrapper
2023-11-13T17:49:11.189+09:00  INFO 18145 --- [main] c.u.j.EncryptablePropertySourceConverter : Converting PropertySource Config resource 'class path resource [application-local.properties]' via location 'optional:classpath:/' [org.springframework.boot.env.OriginTrackedMapPropertySource] to EncryptableMapPropertySourceWrapper
2023-11-13T17:49:11.189+09:00  INFO 18145 --- [main] c.u.j.EncryptablePropertySourceConverter : Converting PropertySource Config resource 'class path resource [application.properties]' via location 'optional:classpath:/' [org.springframework.boot.env.OriginTrackedMapPropertySource] to EncryptableMapPropertySourceWrapper
2023-11-13T17:49:11.513+09:00  INFO 18145 --- [main] c.u.j.filter.DefaultLazyPropertyFilter   : Property Filter custom Bean not found with name 'encryptablePropertyFilter'. Initializing Default Property Filter
2023-11-13T17:49:11.541+09:00  INFO 18145 --- [main] c.u.j.r.DefaultLazyPropertyResolver      : Property Resolver custom Bean not found with name 'encryptablePropertyResolver'. Initializing Default Property Resolver
2023-11-13T17:49:11.547+09:00  INFO 18145 --- [main] c.u.j.d.DefaultLazyPropertyDetector      : Property Detector custom Bean not found with name 'encryptablePropertyDetector'. Initializing Default Property Detector
2023-11-13T17:49:11.970+09:00  INFO 18145 --- [main] o.s.b.w.embedded.tomcat.TomcatWebServer  : Tomcat initialized with port(s): 9090 (http)
2023-11-13T17:49:11.987+09:00  INFO 18145 --- [main] o.apache.catalina.core.StandardService   : Starting service [Tomcat]
2023-11-13T17:49:11.988+09:00  INFO 18145 --- [main] o.apache.catalina.core.StandardEngine    : Starting Servlet engine: [Apache Tomcat/10.1.15]
2023-11-13T17:49:12.106+09:00  INFO 18145 --- [main] o.a.c.c.C.[Tomcat].[localhost].[/]       : Initializing Spring embedded WebApplicationContext
2023-11-13T17:49:12.106+09:00  INFO 18145 --- [main] w.s.c.ServletWebServerApplicationContext : Root WebApplicationContext: initialization completed in 2516 ms
2023-11-13T17:49:12.150+09:00  INFO 18145 --- [main] com.zaxxer.hikari.HikariDataSource       : HikariPool-1 - Starting...
2023-11-13T17:49:12.685+09:00  INFO 18145 --- [main] com.zaxxer.hikari.pool.HikariPool        : HikariPool-1 - Added connection conn0: url=jdbc:h2:mem:testdb user=SA
2023-11-13T17:49:12.688+09:00  INFO 18145 --- [main] com.zaxxer.hikari.HikariDataSource       : HikariPool-1 - Start completed.
2023-11-13T17:49:12.701+09:00  INFO 18145 --- [main] o.s.b.a.h2.H2ConsoleAutoConfiguration    : H2 console available at '/h2-console'. Database available at 'jdbc:h2:mem:testdb'
2023-11-13T17:49:13.042+09:00  INFO 18145 --- [main] o.hibernate.jpa.internal.util.LogHelper  : HHH000204: Processing PersistenceUnitInfo [name: default]
2023-11-13T17:49:13.151+09:00  INFO 18145 --- [main] org.hibernate.Version                    : HHH000412: Hibernate ORM core version 6.2.13.Final
2023-11-13T17:49:13.156+09:00  INFO 18145 --- [main] org.hibernate.cfg.Environment            : HHH000406: Using bytecode reflection optimizer
2023-11-13T17:49:13.675+09:00  INFO 18145 --- [main] o.s.o.j.p.SpringPersistenceUnitInfo      : No LoadTimeWeaver setup: ignoring JPA class transformer
2023-11-13T17:49:14.976+09:00  INFO 18145 --- [main] o.h.e.t.j.p.i.JtaPlatformInitiator       : HHH000489: No JTA platform available (set 'hibernate.transaction.jta.platform' to enable JTA platform integration)
2023-11-13T17:49:15.043+09:00  INFO 18145 --- [main] j.LocalContainerEntityManagerFactoryBean : Initialized JPA EntityManagerFactory for persistence unit 'default'
2023-11-13T17:49:15.627+09:00  INFO 18145 --- [main] o.s.d.j.r.query.QueryEnhancerFactory     : Hibernate is in classpath; If applicable, HQL parser will be used.
2023-11-13T17:49:16.299+09:00  WARN 18145 --- [main] JpaBaseConfiguration$JpaWebConfiguration : spring.jpa.open-in-view is enabled by default. Therefore, database queries may be performed during view rendering. Explicitly configure spring.jpa.open-in-view to disable this warning
2023-11-13T17:49:16.782+09:00  INFO 18145 --- [main] o.s.b.w.embedded.tomcat.TomcatWebServer  : Tomcat started on port(s): 9090 (http) with context path ''
2023-11-13T17:49:16.784+09:00  INFO 18145 --- [main] u.j.c.RefreshScopeRefreshedEventListener : Refreshing cached encryptable property sources on ServletWebServerInitializedEvent
2023-11-13T17:49:16.785+09:00  INFO 18145 --- [main] CachingDelegateEncryptablePropertySource : Property Source systemProperties refreshed
2023-11-13T17:49:16.785+09:00  INFO 18145 --- [main] CachingDelegateEncryptablePropertySource : Property Source systemEnvironment refreshed
2023-11-13T17:49:16.785+09:00  INFO 18145 --- [main] CachingDelegateEncryptablePropertySource : Property Source random refreshed
2023-11-13T17:49:16.785+09:00  INFO 18145 --- [main] CachingDelegateEncryptablePropertySource : Property Source Config resource 'class path resource [config/default-local.properties]' via location 'optional:classpath:/config/default.properties' refreshed
2023-11-13T17:49:16.785+09:00  INFO 18145 --- [main] CachingDelegateEncryptablePropertySource : Property Source Config resource 'class path resource [application-local.properties]' via location 'optional:classpath:/' refreshed
2023-11-13T17:49:16.785+09:00  INFO 18145 --- [main] CachingDelegateEncryptablePropertySource : Property Source Config resource 'class path resource [application.properties]' via location 'optional:classpath:/' refreshed
2023-11-13T17:49:16.785+09:00  INFO 18145 --- [main] c.u.j.EncryptablePropertySourceConverter : Skipping PropertySource configurationProperties [class org.springframework.boot.context.properties.source.ConfigurationPropertySourcesPropertySource
2023-11-13T17:49:16.786+09:00  INFO 18145 --- [main] c.u.j.EncryptablePropertySourceConverter : Skipping PropertySource servletConfigInitParams [class org.springframework.core.env.PropertySource$StubPropertySource
2023-11-13T17:49:16.786+09:00  INFO 18145 --- [main] c.u.j.EncryptablePropertySourceConverter : Converting PropertySource servletContextInitParams [org.springframework.web.context.support.ServletContextPropertySource] to EncryptableEnumerablePropertySourceWrapper
2023-11-13T17:49:16.797+09:00  INFO 18145 --- [main] com.example.demo.DemoApplication         : Started DemoApplication in 8.325 seconds (process running for 9.264)
2023-11-13T17:49:28.638+09:00  INFO 18145 --- [http-nio-9090-exec-1] o.a.c.c.C.[Tomcat].[localhost].[/]       : Initializing Spring DispatcherServlet 'dispatcherServlet'
2023-11-13T17:49:28.639+09:00  INFO 18145 --- [http-nio-9090-exec-1] o.s.web.servlet.DispatcherServlet        : Initializing Servlet 'dispatcherServlet'
2023-11-13T17:49:28.642+09:00  INFO 18145 --- [http-nio-9090-exec-1] o.s.web.servlet.DispatcherServlet        : Completed initialization in 3 ms
2023-11-13T17:49:33.579+09:00  INFO 18145 --- [SpringApplicationShutdownHook] j.LocalContainerEntityManagerFactoryBean : Closing JPA EntityManagerFactory for persistence unit 'default'
2023-11-13T17:49:33.641+09:00  INFO 18145 --- [SpringApplicationShutdownHook] com.zaxxer.hikari.HikariDataSource       : HikariPool-1 - Shutdown initiated...
2023-11-13T17:49:33.648+09:00  INFO 18145 --- [SpringApplicationShutdownHook] com.zaxxer.hikari.HikariDataSource       : HikariPool-1 - Shutdown completed.
2023-11-13T17:50:01.660+09:00  INFO 18161 --- [main] com.example.demo.DemoApplication         : Starting DemoApplication using Java 21.0.1 with PID 18161 (/Users/appmanager/Documents/spring-app/demo/target/classes started by appmanager in /Users/appmanager/Documents/spring-app/demo)
2023-11-13T17:50:01.664+09:00  INFO 18161 --- [main] com.example.demo.DemoApplication         : The following 1 profile is active: "local"
2023-11-13T17:50:02.705+09:00  INFO 18161 --- [main] .s.d.r.c.RepositoryConfigurationDelegate : Bootstrapping Spring Data JPA repositories in DEFAULT mode.
2023-11-13T17:50:02.811+09:00  INFO 18161 --- [main] .s.d.r.c.RepositoryConfigurationDelegate : Finished Spring Data repository scanning in 94 ms. Found 3 JPA repository interfaces.
2023-11-13T17:50:03.233+09:00  INFO 18161 --- [main] ptablePropertiesBeanFactoryPostProcessor : Post-processing PropertySource instances
2023-11-13T17:50:03.235+09:00  INFO 18161 --- [main] c.u.j.EncryptablePropertySourceConverter : Skipping PropertySource configurationProperties [class org.springframework.boot.context.properties.source.ConfigurationPropertySourcesPropertySource
2023-11-13T17:50:03.237+09:00  INFO 18161 --- [main] c.u.j.EncryptablePropertySourceConverter : Skipping PropertySource servletConfigInitParams [class org.springframework.core.env.PropertySource$StubPropertySource
2023-11-13T17:50:03.237+09:00  INFO 18161 --- [main] c.u.j.EncryptablePropertySourceConverter : Skipping PropertySource servletContextInitParams [class org.springframework.core.env.PropertySource$StubPropertySource
2023-11-13T17:50:03.238+09:00  INFO 18161 --- [main] c.u.j.EncryptablePropertySourceConverter : Converting PropertySource systemProperties [org.springframework.core.env.PropertiesPropertySource] to EncryptableMapPropertySourceWrapper
2023-11-13T17:50:03.239+09:00  INFO 18161 --- [main] c.u.j.EncryptablePropertySourceConverter : Converting PropertySource systemEnvironment [org.springframework.boot.env.SystemEnvironmentPropertySourceEnvironmentPostProcessor$OriginAwareSystemEnvironmentPropertySource] to EncryptableSystemEnvironmentPropertySourceWrapper
2023-11-13T17:50:03.239+09:00  INFO 18161 --- [main] c.u.j.EncryptablePropertySourceConverter : Converting PropertySource random [org.springframework.boot.env.RandomValuePropertySource] to EncryptablePropertySourceWrapper
2023-11-13T17:50:03.239+09:00  INFO 18161 --- [main] c.u.j.EncryptablePropertySourceConverter : Converting PropertySource Config resource 'class path resource [config/default-local.properties]' via location 'optional:classpath:/config/default.properties' [org.springframework.boot.env.OriginTrackedMapPropertySource] to EncryptableMapPropertySourceWrapper
2023-11-13T17:50:03.239+09:00  INFO 18161 --- [main] c.u.j.EncryptablePropertySourceConverter : Converting PropertySource Config resource 'class path resource [application-local.properties]' via location 'optional:classpath:/' [org.springframework.boot.env.OriginTrackedMapPropertySource] to EncryptableMapPropertySourceWrapper
2023-11-13T17:50:03.239+09:00  INFO 18161 --- [main] c.u.j.EncryptablePropertySourceConverter : Converting PropertySource Config resource 'class path resource [application.properties]' via location 'optional:classpath:/' [org.springframework.boot.env.OriginTrackedMapPropertySource] to EncryptableMapPropertySourceWrapper
2023-11-13T17:50:03.510+09:00  INFO 18161 --- [main] c.u.j.filter.DefaultLazyPropertyFilter   : Property Filter custom Bean not found with name 'encryptablePropertyFilter'. Initializing Default Property Filter
2023-11-13T17:50:03.537+09:00  INFO 18161 --- [main] c.u.j.r.DefaultLazyPropertyResolver      : Property Resolver custom Bean not found with name 'encryptablePropertyResolver'. Initializing Default Property Resolver
2023-11-13T17:50:03.540+09:00  INFO 18161 --- [main] c.u.j.d.DefaultLazyPropertyDetector      : Property Detector custom Bean not found with name 'encryptablePropertyDetector'. Initializing Default Property Detector
2023-11-13T17:50:03.938+09:00  INFO 18161 --- [main] o.s.b.w.embedded.tomcat.TomcatWebServer  : Tomcat initialized with port(s): 9090 (http)
2023-11-13T17:50:03.955+09:00  INFO 18161 --- [main] o.apache.catalina.core.StandardService   : Starting service [Tomcat]
2023-11-13T17:50:03.956+09:00  INFO 18161 --- [main] o.apache.catalina.core.StandardEngine    : Starting Servlet engine: [Apache Tomcat/10.1.15]
2023-11-13T17:50:04.135+09:00  INFO 18161 --- [main] o.a.c.c.C.[Tomcat].[localhost].[/]       : Initializing Spring embedded WebApplicationContext
2023-11-13T17:50:04.137+09:00  INFO 18161 --- [main] w.s.c.ServletWebServerApplicationContext : Root WebApplicationContext: initialization completed in 2313 ms
2023-11-13T17:50:04.204+09:00  INFO 18161 --- [main] com.zaxxer.hikari.HikariDataSource       : HikariPool-1 - Starting...
2023-11-13T17:50:04.770+09:00  INFO 18161 --- [main] com.zaxxer.hikari.pool.HikariPool        : HikariPool-1 - Added connection conn0: url=jdbc:h2:mem:testdb user=SA
2023-11-13T17:50:04.773+09:00  INFO 18161 --- [main] com.zaxxer.hikari.HikariDataSource       : HikariPool-1 - Start completed.
2023-11-13T17:50:04.790+09:00  INFO 18161 --- [main] o.s.b.a.h2.H2ConsoleAutoConfiguration    : H2 console available at '/h2-console'. Database available at 'jdbc:h2:mem:testdb'
2023-11-13T17:50:05.085+09:00  INFO 18161 --- [main] o.hibernate.jpa.internal.util.LogHelper  : HHH000204: Processing PersistenceUnitInfo [name: default]
2023-11-13T17:50:05.165+09:00  INFO 18161 --- [main] org.hibernate.Version                    : HHH000412: Hibernate ORM core version 6.2.13.Final
2023-11-13T17:50:05.168+09:00  INFO 18161 --- [main] org.hibernate.cfg.Environment            : HHH000406: Using bytecode reflection optimizer
2023-11-13T17:50:05.576+09:00  INFO 18161 --- [main] o.s.o.j.p.SpringPersistenceUnitInfo      : No LoadTimeWeaver setup: ignoring JPA class transformer
2023-11-13T17:50:07.072+09:00  INFO 18161 --- [main] o.h.e.t.j.p.i.JtaPlatformInitiator       : HHH000489: No JTA platform available (set 'hibernate.transaction.jta.platform' to enable JTA platform integration)
2023-11-13T17:50:07.138+09:00  INFO 18161 --- [main] j.LocalContainerEntityManagerFactoryBean : Initialized JPA EntityManagerFactory for persistence unit 'default'
2023-11-13T17:50:07.834+09:00  INFO 18161 --- [main] o.s.d.j.r.query.QueryEnhancerFactory     : Hibernate is in classpath; If applicable, HQL parser will be used.
2023-11-13T17:50:08.535+09:00  WARN 18161 --- [main] JpaBaseConfiguration$JpaWebConfiguration : spring.jpa.open-in-view is enabled by default. Therefore, database queries may be performed during view rendering. Explicitly configure spring.jpa.open-in-view to disable this warning
2023-11-13T17:50:09.134+09:00  INFO 18161 --- [main] o.s.b.w.embedded.tomcat.TomcatWebServer  : Tomcat started on port(s): 9090 (http) with context path ''
2023-11-13T17:50:09.136+09:00  INFO 18161 --- [main] u.j.c.RefreshScopeRefreshedEventListener : Refreshing cached encryptable property sources on ServletWebServerInitializedEvent
2023-11-13T17:50:09.137+09:00  INFO 18161 --- [main] CachingDelegateEncryptablePropertySource : Property Source systemProperties refreshed
2023-11-13T17:50:09.137+09:00  INFO 18161 --- [main] CachingDelegateEncryptablePropertySource : Property Source systemEnvironment refreshed
2023-11-13T17:50:09.137+09:00  INFO 18161 --- [main] CachingDelegateEncryptablePropertySource : Property Source random refreshed
2023-11-13T17:50:09.137+09:00  INFO 18161 --- [main] CachingDelegateEncryptablePropertySource : Property Source Config resource 'class path resource [config/default-local.properties]' via location 'optional:classpath:/config/default.properties' refreshed
2023-11-13T17:50:09.137+09:00  INFO 18161 --- [main] CachingDelegateEncryptablePropertySource : Property Source Config resource 'class path resource [application-local.properties]' via location 'optional:classpath:/' refreshed
2023-11-13T17:50:09.137+09:00  INFO 18161 --- [main] CachingDelegateEncryptablePropertySource : Property Source Config resource 'class path resource [application.properties]' via location 'optional:classpath:/' refreshed
2023-11-13T17:50:09.137+09:00  INFO 18161 --- [main] c.u.j.EncryptablePropertySourceConverter : Skipping PropertySource configurationProperties [class org.springframework.boot.context.properties.source.ConfigurationPropertySourcesPropertySource
2023-11-13T17:50:09.138+09:00  INFO 18161 --- [main] c.u.j.EncryptablePropertySourceConverter : Skipping PropertySource servletConfigInitParams [class org.springframework.core.env.PropertySource$StubPropertySource
2023-11-13T17:50:09.138+09:00  INFO 18161 --- [main] c.u.j.EncryptablePropertySourceConverter : Converting PropertySource servletContextInitParams [org.springframework.web.context.support.ServletContextPropertySource] to EncryptableEnumerablePropertySourceWrapper
2023-11-13T17:50:09.148+09:00  INFO 18161 --- [main] com.example.demo.DemoApplication         : Started DemoApplication in 8.492 seconds (process running for 9.452)
2023-11-13T17:50:10.895+09:00  INFO 18161 --- [http-nio-9090-exec-1] o.a.c.c.C.[Tomcat].[localhost].[/]       : Initializing Spring DispatcherServlet 'dispatcherServlet'
2023-11-13T17:50:10.897+09:00  INFO 18161 --- [http-nio-9090-exec-1] o.s.web.servlet.DispatcherServlet        : Initializing Servlet 'dispatcherServlet'
2023-11-13T17:50:10.900+09:00  INFO 18161 --- [http-nio-9090-exec-1] o.s.web.servlet.DispatcherServlet        : Completed initialization in 2 ms
2023-11-13T17:50:26.943+09:00  INFO 18161 --- [SpringApplicationShutdownHook] o.s.b.w.e.tomcat.GracefulShutdown        : Commencing graceful shutdown. Waiting for active requests to complete
2023-11-13T17:51:23.005+09:00  INFO 18179 --- [main] com.example.demo.DemoApplication         : Starting DemoApplication using Java 21.0.1 with PID 18179 (/Users/appmanager/Documents/spring-app/demo/target/classes started by appmanager in /Users/appmanager/Documents/spring-app/demo)
2023-11-13T17:51:23.009+09:00  INFO 18179 --- [main] com.example.demo.DemoApplication         : The following 1 profile is active: "local"
2023-11-13T17:51:24.424+09:00  INFO 18179 --- [main] .s.d.r.c.RepositoryConfigurationDelegate : Bootstrapping Spring Data JPA repositories in DEFAULT mode.
2023-11-13T17:51:24.525+09:00  INFO 18179 --- [main] .s.d.r.c.RepositoryConfigurationDelegate : Finished Spring Data repository scanning in 89 ms. Found 3 JPA repository interfaces.
2023-11-13T17:51:25.154+09:00  INFO 18179 --- [main] ptablePropertiesBeanFactoryPostProcessor : Post-processing PropertySource instances
2023-11-13T17:51:25.165+09:00  INFO 18179 --- [main] c.u.j.EncryptablePropertySourceConverter : Skipping PropertySource configurationProperties [class org.springframework.boot.context.properties.source.ConfigurationPropertySourcesPropertySource
2023-11-13T17:51:25.171+09:00  INFO 18179 --- [main] c.u.j.EncryptablePropertySourceConverter : Skipping PropertySource servletConfigInitParams [class org.springframework.core.env.PropertySource$StubPropertySource
2023-11-13T17:51:25.172+09:00  INFO 18179 --- [main] c.u.j.EncryptablePropertySourceConverter : Skipping PropertySource servletContextInitParams [class org.springframework.core.env.PropertySource$StubPropertySource
2023-11-13T17:51:25.175+09:00  INFO 18179 --- [main] c.u.j.EncryptablePropertySourceConverter : Converting PropertySource systemProperties [org.springframework.core.env.PropertiesPropertySource] to EncryptableMapPropertySourceWrapper
2023-11-13T17:51:25.176+09:00  INFO 18179 --- [main] c.u.j.EncryptablePropertySourceConverter : Converting PropertySource systemEnvironment [org.springframework.boot.env.SystemEnvironmentPropertySourceEnvironmentPostProcessor$OriginAwareSystemEnvironmentPropertySource] to EncryptableSystemEnvironmentPropertySourceWrapper
2023-11-13T17:51:25.176+09:00  INFO 18179 --- [main] c.u.j.EncryptablePropertySourceConverter : Converting PropertySource random [org.springframework.boot.env.RandomValuePropertySource] to EncryptablePropertySourceWrapper
2023-11-13T17:51:25.176+09:00  INFO 18179 --- [main] c.u.j.EncryptablePropertySourceConverter : Converting PropertySource Config resource 'class path resource [config/default-local.properties]' via location 'optional:classpath:/config/default.properties' [org.springframework.boot.env.OriginTrackedMapPropertySource] to EncryptableMapPropertySourceWrapper
2023-11-13T17:51:25.177+09:00  INFO 18179 --- [main] c.u.j.EncryptablePropertySourceConverter : Converting PropertySource Config resource 'class path resource [application-local.properties]' via location 'optional:classpath:/' [org.springframework.boot.env.OriginTrackedMapPropertySource] to EncryptableMapPropertySourceWrapper
2023-11-13T17:51:25.177+09:00  INFO 18179 --- [main] c.u.j.EncryptablePropertySourceConverter : Converting PropertySource Config resource 'class path resource [application.properties]' via location 'optional:classpath:/' [org.springframework.boot.env.OriginTrackedMapPropertySource] to EncryptableMapPropertySourceWrapper
2023-11-13T17:51:25.495+09:00  INFO 18179 --- [main] c.u.j.filter.DefaultLazyPropertyFilter   : Property Filter custom Bean not found with name 'encryptablePropertyFilter'. Initializing Default Property Filter
2023-11-13T17:51:25.516+09:00  INFO 18179 --- [main] c.u.j.r.DefaultLazyPropertyResolver      : Property Resolver custom Bean not found with name 'encryptablePropertyResolver'. Initializing Default Property Resolver
2023-11-13T17:51:25.520+09:00  INFO 18179 --- [main] c.u.j.d.DefaultLazyPropertyDetector      : Property Detector custom Bean not found with name 'encryptablePropertyDetector'. Initializing Default Property Detector
2023-11-13T17:51:26.147+09:00  INFO 18179 --- [main] o.s.b.w.embedded.tomcat.TomcatWebServer  : Tomcat initialized with port(s): 9090 (http)
2023-11-13T17:51:26.165+09:00  INFO 18179 --- [main] o.apache.catalina.core.StandardService   : Starting service [Tomcat]
2023-11-13T17:51:26.166+09:00  INFO 18179 --- [main] o.apache.catalina.core.StandardEngine    : Starting Servlet engine: [Apache Tomcat/10.1.15]
2023-11-13T17:51:26.364+09:00  INFO 18179 --- [main] o.a.c.c.C.[Tomcat].[localhost].[/]       : Initializing Spring embedded WebApplicationContext
2023-11-13T17:51:26.364+09:00  INFO 18179 --- [main] w.s.c.ServletWebServerApplicationContext : Root WebApplicationContext: initialization completed in 3203 ms
2023-11-13T17:51:26.422+09:00  INFO 18179 --- [main] com.zaxxer.hikari.HikariDataSource       : HikariPool-1 - Starting...
2023-11-13T17:51:27.285+09:00  INFO 18179 --- [main] com.zaxxer.hikari.pool.HikariPool        : HikariPool-1 - Added connection conn0: url=jdbc:h2:mem:testdb user=SA
2023-11-13T17:51:27.289+09:00  INFO 18179 --- [main] com.zaxxer.hikari.HikariDataSource       : HikariPool-1 - Start completed.
2023-11-13T17:51:27.320+09:00  INFO 18179 --- [main] o.s.b.a.h2.H2ConsoleAutoConfiguration    : H2 console available at '/h2-console'. Database available at 'jdbc:h2:mem:testdb'
2023-11-13T17:51:27.745+09:00  INFO 18179 --- [main] o.hibernate.jpa.internal.util.LogHelper  : HHH000204: Processing PersistenceUnitInfo [name: default]
2023-11-13T17:51:28.009+09:00  INFO 18179 --- [main] org.hibernate.Version                    : HHH000412: Hibernate ORM core version 6.2.13.Final
2023-11-13T17:51:28.016+09:00  INFO 18179 --- [main] org.hibernate.cfg.Environment            : HHH000406: Using bytecode reflection optimizer
2023-11-13T17:51:29.022+09:00  INFO 18179 --- [main] o.s.o.j.p.SpringPersistenceUnitInfo      : No LoadTimeWeaver setup: ignoring JPA class transformer
2023-11-13T17:51:31.528+09:00  INFO 18179 --- [main] o.h.e.t.j.p.i.JtaPlatformInitiator       : HHH000489: No JTA platform available (set 'hibernate.transaction.jta.platform' to enable JTA platform integration)
2023-11-13T17:51:31.640+09:00  INFO 18179 --- [main] j.LocalContainerEntityManagerFactoryBean : Initialized JPA EntityManagerFactory for persistence unit 'default'
2023-11-13T17:51:32.357+09:00  INFO 18179 --- [main] o.s.d.j.r.query.QueryEnhancerFactory     : Hibernate is in classpath; If applicable, HQL parser will be used.
2023-11-13T17:51:33.250+09:00  WARN 18179 --- [main] JpaBaseConfiguration$JpaWebConfiguration : spring.jpa.open-in-view is enabled by default. Therefore, database queries may be performed during view rendering. Explicitly configure spring.jpa.open-in-view to disable this warning
2023-11-13T17:51:34.054+09:00  INFO 18179 --- [main] o.s.b.w.embedded.tomcat.TomcatWebServer  : Tomcat started on port(s): 9090 (http) with context path ''
2023-11-13T17:51:34.056+09:00  INFO 18179 --- [main] u.j.c.RefreshScopeRefreshedEventListener : Refreshing cached encryptable property sources on ServletWebServerInitializedEvent
2023-11-13T17:51:34.057+09:00  INFO 18179 --- [main] CachingDelegateEncryptablePropertySource : Property Source systemProperties refreshed
2023-11-13T17:51:34.057+09:00  INFO 18179 --- [main] CachingDelegateEncryptablePropertySource : Property Source systemEnvironment refreshed
2023-11-13T17:51:34.057+09:00  INFO 18179 --- [main] CachingDelegateEncryptablePropertySource : Property Source random refreshed
2023-11-13T17:51:34.058+09:00  INFO 18179 --- [main] CachingDelegateEncryptablePropertySource : Property Source Config resource 'class path resource [config/default-local.properties]' via location 'optional:classpath:/config/default.properties' refreshed
2023-11-13T17:51:34.058+09:00  INFO 18179 --- [main] CachingDelegateEncryptablePropertySource : Property Source Config resource 'class path resource [application-local.properties]' via location 'optional:classpath:/' refreshed
2023-11-13T17:51:34.058+09:00  INFO 18179 --- [main] CachingDelegateEncryptablePropertySource : Property Source Config resource 'class path resource [application.properties]' via location 'optional:classpath:/' refreshed
2023-11-13T17:51:34.058+09:00  INFO 18179 --- [main] c.u.j.EncryptablePropertySourceConverter : Skipping PropertySource configurationProperties [class org.springframework.boot.context.properties.source.ConfigurationPropertySourcesPropertySource
2023-11-13T17:51:34.058+09:00  INFO 18179 --- [main] c.u.j.EncryptablePropertySourceConverter : Skipping PropertySource servletConfigInitParams [class org.springframework.core.env.PropertySource$StubPropertySource
2023-11-13T17:51:34.058+09:00  INFO 18179 --- [main] c.u.j.EncryptablePropertySourceConverter : Converting PropertySource servletContextInitParams [org.springframework.web.context.support.ServletContextPropertySource] to EncryptableEnumerablePropertySourceWrapper
2023-11-13T17:51:34.072+09:00  INFO 18179 --- [main] com.example.demo.DemoApplication         : Started DemoApplication in 12.472 seconds (process running for 13.441)
2023-11-13T17:51:47.681+09:00  INFO 18179 --- [http-nio-9090-exec-1] o.a.c.c.C.[Tomcat].[localhost].[/]       : Initializing Spring DispatcherServlet 'dispatcherServlet'
2023-11-13T17:51:47.683+09:00  INFO 18179 --- [http-nio-9090-exec-1] o.s.web.servlet.DispatcherServlet        : Initializing Servlet 'dispatcherServlet'
2023-11-13T17:51:47.688+09:00  INFO 18179 --- [http-nio-9090-exec-1] o.s.web.servlet.DispatcherServlet        : Completed initialization in 5 ms
2023-11-13T17:51:50.340+09:00  INFO 18179 --- [SpringApplicationShutdownHook] o.s.b.w.e.tomcat.GracefulShutdown        : Commencing graceful shutdown. Waiting for active requests to complete
2023-11-13T17:52:07.838+09:00  INFO 18179 --- [tomcat-shutdown] o.s.b.w.e.tomcat.GracefulShutdown        : Graceful shutdown complete
2023-11-13T17:52:07.892+09:00  INFO 18179 --- [SpringApplicationShutdownHook] j.LocalContainerEntityManagerFactoryBean : Closing JPA EntityManagerFactory for persistence unit 'default'
2023-11-13T17:52:07.943+09:00  INFO 18179 --- [SpringApplicationShutdownHook] com.zaxxer.hikari.HikariDataSource       : HikariPool-1 - Shutdown initiated...
2023-11-13T17:52:07.954+09:00  INFO 18179 --- [SpringApplicationShutdownHook] com.zaxxer.hikari.HikariDataSource       : HikariPool-1 - Shutdown completed.
2023-11-13T17:56:20.128+09:00  INFO 18224 --- [main] com.example.demo.DemoApplication         : Starting DemoApplication using Java 21.0.1 with PID 18224 (/Users/appmanager/Documents/spring-app/demo/target/classes started by appmanager in /Users/appmanager/Documents/spring-app/demo)
2023-11-13T17:56:20.133+09:00  INFO 18224 --- [main] com.example.demo.DemoApplication         : The following 1 profile is active: "local"
2023-11-13T17:56:21.458+09:00  INFO 18224 --- [main] .s.d.r.c.RepositoryConfigurationDelegate : Bootstrapping Spring Data JPA repositories in DEFAULT mode.
2023-11-13T17:56:21.621+09:00  INFO 18224 --- [main] .s.d.r.c.RepositoryConfigurationDelegate : Finished Spring Data repository scanning in 143 ms. Found 3 JPA repository interfaces.
2023-11-13T17:56:22.080+09:00  INFO 18224 --- [main] ptablePropertiesBeanFactoryPostProcessor : Post-processing PropertySource instances
2023-11-13T17:56:22.081+09:00  INFO 18224 --- [main] c.u.j.EncryptablePropertySourceConverter : Skipping PropertySource configurationProperties [class org.springframework.boot.context.properties.source.ConfigurationPropertySourcesPropertySource
2023-11-13T17:56:22.084+09:00  INFO 18224 --- [main] c.u.j.EncryptablePropertySourceConverter : Skipping PropertySource servletConfigInitParams [class org.springframework.core.env.PropertySource$StubPropertySource
2023-11-13T17:56:22.084+09:00  INFO 18224 --- [main] c.u.j.EncryptablePropertySourceConverter : Skipping PropertySource servletContextInitParams [class org.springframework.core.env.PropertySource$StubPropertySource
2023-11-13T17:56:22.085+09:00  INFO 18224 --- [main] c.u.j.EncryptablePropertySourceConverter : Converting PropertySource systemProperties [org.springframework.core.env.PropertiesPropertySource] to EncryptableMapPropertySourceWrapper
2023-11-13T17:56:22.086+09:00  INFO 18224 --- [main] c.u.j.EncryptablePropertySourceConverter : Converting PropertySource systemEnvironment [org.springframework.boot.env.SystemEnvironmentPropertySourceEnvironmentPostProcessor$OriginAwareSystemEnvironmentPropertySource] to EncryptableSystemEnvironmentPropertySourceWrapper
2023-11-13T17:56:22.086+09:00  INFO 18224 --- [main] c.u.j.EncryptablePropertySourceConverter : Converting PropertySource random [org.springframework.boot.env.RandomValuePropertySource] to EncryptablePropertySourceWrapper
2023-11-13T17:56:22.086+09:00  INFO 18224 --- [main] c.u.j.EncryptablePropertySourceConverter : Converting PropertySource Config resource 'class path resource [config/default-local.properties]' via location 'optional:classpath:/config/default.properties' [org.springframework.boot.env.OriginTrackedMapPropertySource] to EncryptableMapPropertySourceWrapper
2023-11-13T17:56:22.086+09:00  INFO 18224 --- [main] c.u.j.EncryptablePropertySourceConverter : Converting PropertySource Config resource 'class path resource [application-local.properties]' via location 'optional:classpath:/' [org.springframework.boot.env.OriginTrackedMapPropertySource] to EncryptableMapPropertySourceWrapper
2023-11-13T17:56:22.086+09:00  INFO 18224 --- [main] c.u.j.EncryptablePropertySourceConverter : Converting PropertySource Config resource 'class path resource [application.properties]' via location 'optional:classpath:/' [org.springframework.boot.env.OriginTrackedMapPropertySource] to EncryptableMapPropertySourceWrapper
2023-11-13T17:56:22.437+09:00  INFO 18224 --- [main] c.u.j.filter.DefaultLazyPropertyFilter   : Property Filter custom Bean not found with name 'encryptablePropertyFilter'. Initializing Default Property Filter
2023-11-13T17:56:22.458+09:00  INFO 18224 --- [main] c.u.j.r.DefaultLazyPropertyResolver      : Property Resolver custom Bean not found with name 'encryptablePropertyResolver'. Initializing Default Property Resolver
2023-11-13T17:56:22.462+09:00  INFO 18224 --- [main] c.u.j.d.DefaultLazyPropertyDetector      : Property Detector custom Bean not found with name 'encryptablePropertyDetector'. Initializing Default Property Detector
2023-11-13T17:56:22.820+09:00  INFO 18224 --- [main] o.s.b.w.embedded.tomcat.TomcatWebServer  : Tomcat initialized with port(s): 9090 (http)
2023-11-13T17:56:22.836+09:00  INFO 18224 --- [main] o.apache.catalina.core.StandardService   : Starting service [Tomcat]
2023-11-13T17:56:22.837+09:00  INFO 18224 --- [main] o.apache.catalina.core.StandardEngine    : Starting Servlet engine: [Apache Tomcat/10.1.15]
2023-11-13T17:56:22.977+09:00  INFO 18224 --- [main] o.a.c.c.C.[Tomcat].[localhost].[/]       : Initializing Spring embedded WebApplicationContext
2023-11-13T17:56:22.977+09:00  INFO 18224 --- [main] w.s.c.ServletWebServerApplicationContext : Root WebApplicationContext: initialization completed in 2678 ms
2023-11-13T17:56:23.021+09:00  INFO 18224 --- [main] com.zaxxer.hikari.HikariDataSource       : HikariPool-1 - Starting...
2023-11-13T17:56:23.640+09:00  INFO 18224 --- [main] com.zaxxer.hikari.pool.HikariPool        : HikariPool-1 - Added connection conn0: url=jdbc:h2:mem:testdb user=SA
2023-11-13T17:56:23.642+09:00  INFO 18224 --- [main] com.zaxxer.hikari.HikariDataSource       : HikariPool-1 - Start completed.
2023-11-13T17:56:23.660+09:00  INFO 18224 --- [main] o.s.b.a.h2.H2ConsoleAutoConfiguration    : H2 console available at '/h2-console'. Database available at 'jdbc:h2:mem:testdb'
2023-11-13T17:56:23.938+09:00  INFO 18224 --- [main] o.hibernate.jpa.internal.util.LogHelper  : HHH000204: Processing PersistenceUnitInfo [name: default]
2023-11-13T17:56:24.036+09:00  INFO 18224 --- [main] org.hibernate.Version                    : HHH000412: Hibernate ORM core version 6.2.13.Final
2023-11-13T17:56:24.040+09:00  INFO 18224 --- [main] org.hibernate.cfg.Environment            : HHH000406: Using bytecode reflection optimizer
2023-11-13T17:56:24.505+09:00  INFO 18224 --- [main] o.s.o.j.p.SpringPersistenceUnitInfo      : No LoadTimeWeaver setup: ignoring JPA class transformer
2023-11-13T17:56:25.895+09:00  INFO 18224 --- [main] o.h.e.t.j.p.i.JtaPlatformInitiator       : HHH000489: No JTA platform available (set 'hibernate.transaction.jta.platform' to enable JTA platform integration)
2023-11-13T17:56:25.969+09:00  INFO 18224 --- [main] j.LocalContainerEntityManagerFactoryBean : Initialized JPA EntityManagerFactory for persistence unit 'default'
2023-11-13T17:56:26.607+09:00  INFO 18224 --- [main] o.s.d.j.r.query.QueryEnhancerFactory     : Hibernate is in classpath; If applicable, HQL parser will be used.
2023-11-13T17:56:27.362+09:00  WARN 18224 --- [main] JpaBaseConfiguration$JpaWebConfiguration : spring.jpa.open-in-view is enabled by default. Therefore, database queries may be performed during view rendering. Explicitly configure spring.jpa.open-in-view to disable this warning
2023-11-13T17:56:27.933+09:00  INFO 18224 --- [main] o.s.b.w.embedded.tomcat.TomcatWebServer  : Tomcat started on port(s): 9090 (http) with context path ''
2023-11-13T17:56:27.935+09:00  INFO 18224 --- [main] u.j.c.RefreshScopeRefreshedEventListener : Refreshing cached encryptable property sources on ServletWebServerInitializedEvent
2023-11-13T17:56:27.936+09:00  INFO 18224 --- [main] CachingDelegateEncryptablePropertySource : Property Source systemProperties refreshed
2023-11-13T17:56:27.936+09:00  INFO 18224 --- [main] CachingDelegateEncryptablePropertySource : Property Source systemEnvironment refreshed
2023-11-13T17:56:27.936+09:00  INFO 18224 --- [main] CachingDelegateEncryptablePropertySource : Property Source random refreshed
2023-11-13T17:56:27.936+09:00  INFO 18224 --- [main] CachingDelegateEncryptablePropertySource : Property Source Config resource 'class path resource [config/default-local.properties]' via location 'optional:classpath:/config/default.properties' refreshed
2023-11-13T17:56:27.936+09:00  INFO 18224 --- [main] CachingDelegateEncryptablePropertySource : Property Source Config resource 'class path resource [application-local.properties]' via location 'optional:classpath:/' refreshed
2023-11-13T17:56:27.936+09:00  INFO 18224 --- [main] CachingDelegateEncryptablePropertySource : Property Source Config resource 'class path resource [application.properties]' via location 'optional:classpath:/' refreshed
2023-11-13T17:56:27.936+09:00  INFO 18224 --- [main] c.u.j.EncryptablePropertySourceConverter : Skipping PropertySource configurationProperties [class org.springframework.boot.context.properties.source.ConfigurationPropertySourcesPropertySource
2023-11-13T17:56:27.937+09:00  INFO 18224 --- [main] c.u.j.EncryptablePropertySourceConverter : Skipping PropertySource servletConfigInitParams [class org.springframework.core.env.PropertySource$StubPropertySource
2023-11-13T17:56:27.937+09:00  INFO 18224 --- [main] c.u.j.EncryptablePropertySourceConverter : Converting PropertySource servletContextInitParams [org.springframework.web.context.support.ServletContextPropertySource] to EncryptableEnumerablePropertySourceWrapper
2023-11-13T17:56:27.948+09:00  INFO 18224 --- [main] com.example.demo.DemoApplication         : Started DemoApplication in 8.861 seconds (process running for 9.822)
2023-11-13T17:57:01.209+09:00  INFO 18224 --- [SpringApplicationShutdownHook] o.s.b.w.e.tomcat.GracefulShutdown        : Commencing graceful shutdown. Waiting for active requests to complete
2023-11-13T17:57:01.230+09:00  INFO 18224 --- [tomcat-shutdown] o.s.b.w.e.tomcat.GracefulShutdown        : Graceful shutdown complete
2023-11-13T17:57:01.248+09:00  INFO 18224 --- [SpringApplicationShutdownHook] j.LocalContainerEntityManagerFactoryBean : Closing JPA EntityManagerFactory for persistence unit 'default'
2023-11-13T17:57:01.423+09:00  INFO 18224 --- [SpringApplicationShutdownHook] com.zaxxer.hikari.HikariDataSource       : HikariPool-1 - Shutdown initiated...
2023-11-13T17:57:01.427+09:00  INFO 18224 --- [SpringApplicationShutdownHook] com.zaxxer.hikari.HikariDataSource       : HikariPool-1 - Shutdown completed.
2023-11-13T17:57:42.757+09:00  INFO 18236 --- [main] com.example.demo.DemoApplication         : Starting DemoApplication using Java 21.0.1 with PID 18236 (/Users/appmanager/Documents/spring-app/demo/target/classes started by appmanager in /Users/appmanager/Documents/spring-app/demo)
2023-11-13T17:57:42.761+09:00  INFO 18236 --- [main] com.example.demo.DemoApplication         : The following 1 profile is active: "local"
2023-11-13T17:57:43.943+09:00  INFO 18236 --- [main] .s.d.r.c.RepositoryConfigurationDelegate : Bootstrapping Spring Data JPA repositories in DEFAULT mode.
2023-11-13T17:57:44.053+09:00  INFO 18236 --- [main] .s.d.r.c.RepositoryConfigurationDelegate : Finished Spring Data repository scanning in 97 ms. Found 3 JPA repository interfaces.
2023-11-13T17:57:44.453+09:00  INFO 18236 --- [main] ptablePropertiesBeanFactoryPostProcessor : Post-processing PropertySource instances
2023-11-13T17:57:44.455+09:00  INFO 18236 --- [main] c.u.j.EncryptablePropertySourceConverter : Skipping PropertySource configurationProperties [class org.springframework.boot.context.properties.source.ConfigurationPropertySourcesPropertySource
2023-11-13T17:57:44.456+09:00  INFO 18236 --- [main] c.u.j.EncryptablePropertySourceConverter : Skipping PropertySource servletConfigInitParams [class org.springframework.core.env.PropertySource$StubPropertySource
2023-11-13T17:57:44.457+09:00  INFO 18236 --- [main] c.u.j.EncryptablePropertySourceConverter : Skipping PropertySource servletContextInitParams [class org.springframework.core.env.PropertySource$StubPropertySource
2023-11-13T17:57:44.458+09:00  INFO 18236 --- [main] c.u.j.EncryptablePropertySourceConverter : Converting PropertySource systemProperties [org.springframework.core.env.PropertiesPropertySource] to EncryptableMapPropertySourceWrapper
2023-11-13T17:57:44.458+09:00  INFO 18236 --- [main] c.u.j.EncryptablePropertySourceConverter : Converting PropertySource systemEnvironment [org.springframework.boot.env.SystemEnvironmentPropertySourceEnvironmentPostProcessor$OriginAwareSystemEnvironmentPropertySource] to EncryptableSystemEnvironmentPropertySourceWrapper
2023-11-13T17:57:44.458+09:00  INFO 18236 --- [main] c.u.j.EncryptablePropertySourceConverter : Converting PropertySource random [org.springframework.boot.env.RandomValuePropertySource] to EncryptablePropertySourceWrapper
2023-11-13T17:57:44.458+09:00  INFO 18236 --- [main] c.u.j.EncryptablePropertySourceConverter : Converting PropertySource Config resource 'class path resource [config/default-local.properties]' via location 'optional:classpath:/config/default.properties' [org.springframework.boot.env.OriginTrackedMapPropertySource] to EncryptableMapPropertySourceWrapper
2023-11-13T17:57:44.458+09:00  INFO 18236 --- [main] c.u.j.EncryptablePropertySourceConverter : Converting PropertySource Config resource 'class path resource [application-local.properties]' via location 'optional:classpath:/' [org.springframework.boot.env.OriginTrackedMapPropertySource] to EncryptableMapPropertySourceWrapper
2023-11-13T17:57:44.458+09:00  INFO 18236 --- [main] c.u.j.EncryptablePropertySourceConverter : Converting PropertySource Config resource 'class path resource [application.properties]' via location 'optional:classpath:/' [org.springframework.boot.env.OriginTrackedMapPropertySource] to EncryptableMapPropertySourceWrapper
2023-11-13T17:57:44.648+09:00  INFO 18236 --- [main] c.u.j.filter.DefaultLazyPropertyFilter   : Property Filter custom Bean not found with name 'encryptablePropertyFilter'. Initializing Default Property Filter
2023-11-13T17:57:44.662+09:00  INFO 18236 --- [main] c.u.j.r.DefaultLazyPropertyResolver      : Property Resolver custom Bean not found with name 'encryptablePropertyResolver'. Initializing Default Property Resolver
2023-11-13T17:57:44.666+09:00  INFO 18236 --- [main] c.u.j.d.DefaultLazyPropertyDetector      : Property Detector custom Bean not found with name 'encryptablePropertyDetector'. Initializing Default Property Detector
2023-11-13T17:57:45.002+09:00  INFO 18236 --- [main] o.s.b.w.embedded.tomcat.TomcatWebServer  : Tomcat initialized with port(s): 9090 (http)
2023-11-13T17:57:45.016+09:00  INFO 18236 --- [main] o.apache.catalina.core.StandardService   : Starting service [Tomcat]
2023-11-13T17:57:45.017+09:00  INFO 18236 --- [main] o.apache.catalina.core.StandardEngine    : Starting Servlet engine: [Apache Tomcat/10.1.15]
2023-11-13T17:57:45.184+09:00  INFO 18236 --- [main] o.a.c.c.C.[Tomcat].[localhost].[/]       : Initializing Spring embedded WebApplicationContext
2023-11-13T17:57:45.185+09:00  INFO 18236 --- [main] w.s.c.ServletWebServerApplicationContext : Root WebApplicationContext: initialization completed in 2270 ms
2023-11-13T17:57:45.239+09:00  INFO 18236 --- [main] com.zaxxer.hikari.HikariDataSource       : HikariPool-1 - Starting...
2023-11-13T17:57:45.708+09:00  INFO 18236 --- [main] com.zaxxer.hikari.pool.HikariPool        : HikariPool-1 - Added connection conn0: url=jdbc:h2:mem:testdb user=SA
2023-11-13T17:57:45.711+09:00  INFO 18236 --- [main] com.zaxxer.hikari.HikariDataSource       : HikariPool-1 - Start completed.
2023-11-13T17:57:45.727+09:00  INFO 18236 --- [main] o.s.b.a.h2.H2ConsoleAutoConfiguration    : H2 console available at '/h2-console'. Database available at 'jdbc:h2:mem:testdb'
2023-11-13T17:57:45.926+09:00  INFO 18236 --- [main] o.hibernate.jpa.internal.util.LogHelper  : HHH000204: Processing PersistenceUnitInfo [name: default]
2023-11-13T17:57:46.021+09:00  INFO 18236 --- [main] org.hibernate.Version                    : HHH000412: Hibernate ORM core version 6.2.13.Final
2023-11-13T17:57:46.040+09:00  INFO 18236 --- [main] org.hibernate.cfg.Environment            : HHH000406: Using bytecode reflection optimizer
2023-11-13T17:57:46.422+09:00  INFO 18236 --- [main] o.s.o.j.p.SpringPersistenceUnitInfo      : No LoadTimeWeaver setup: ignoring JPA class transformer
2023-11-13T17:57:47.533+09:00  INFO 18236 --- [main] o.h.e.t.j.p.i.JtaPlatformInitiator       : HHH000489: No JTA platform available (set 'hibernate.transaction.jta.platform' to enable JTA platform integration)
2023-11-13T17:57:47.589+09:00  INFO 18236 --- [main] j.LocalContainerEntityManagerFactoryBean : Initialized JPA EntityManagerFactory for persistence unit 'default'
2023-11-13T17:57:48.182+09:00  INFO 18236 --- [main] o.s.d.j.r.query.QueryEnhancerFactory     : Hibernate is in classpath; If applicable, HQL parser will be used.
2023-11-13T17:57:48.805+09:00  WARN 18236 --- [main] JpaBaseConfiguration$JpaWebConfiguration : spring.jpa.open-in-view is enabled by default. Therefore, database queries may be performed during view rendering. Explicitly configure spring.jpa.open-in-view to disable this warning
2023-11-13T17:57:49.270+09:00  INFO 18236 --- [main] o.s.b.w.embedded.tomcat.TomcatWebServer  : Tomcat started on port(s): 9090 (http) with context path ''
2023-11-13T17:57:49.272+09:00  INFO 18236 --- [main] u.j.c.RefreshScopeRefreshedEventListener : Refreshing cached encryptable property sources on ServletWebServerInitializedEvent
2023-11-13T17:57:49.273+09:00  INFO 18236 --- [main] CachingDelegateEncryptablePropertySource : Property Source systemProperties refreshed
2023-11-13T17:57:49.273+09:00  INFO 18236 --- [main] CachingDelegateEncryptablePropertySource : Property Source systemEnvironment refreshed
2023-11-13T17:57:49.273+09:00  INFO 18236 --- [main] CachingDelegateEncryptablePropertySource : Property Source random refreshed
2023-11-13T17:57:49.273+09:00  INFO 18236 --- [main] CachingDelegateEncryptablePropertySource : Property Source Config resource 'class path resource [config/default-local.properties]' via location 'optional:classpath:/config/default.properties' refreshed
2023-11-13T17:57:49.273+09:00  INFO 18236 --- [main] CachingDelegateEncryptablePropertySource : Property Source Config resource 'class path resource [application-local.properties]' via location 'optional:classpath:/' refreshed
2023-11-13T17:57:49.274+09:00  INFO 18236 --- [main] CachingDelegateEncryptablePropertySource : Property Source Config resource 'class path resource [application.properties]' via location 'optional:classpath:/' refreshed
2023-11-13T17:57:49.274+09:00  INFO 18236 --- [main] c.u.j.EncryptablePropertySourceConverter : Skipping PropertySource configurationProperties [class org.springframework.boot.context.properties.source.ConfigurationPropertySourcesPropertySource
2023-11-13T17:57:49.274+09:00  INFO 18236 --- [main] c.u.j.EncryptablePropertySourceConverter : Skipping PropertySource servletConfigInitParams [class org.springframework.core.env.PropertySource$StubPropertySource
2023-11-13T17:57:49.274+09:00  INFO 18236 --- [main] c.u.j.EncryptablePropertySourceConverter : Converting PropertySource servletContextInitParams [org.springframework.web.context.support.ServletContextPropertySource] to EncryptableEnumerablePropertySourceWrapper
2023-11-13T17:57:49.283+09:00  INFO 18236 --- [main] com.example.demo.DemoApplication         : Started DemoApplication in 7.556 seconds (process running for 8.724)
2023-11-13T18:01:11.949+09:00  INFO 18236 --- [SpringApplicationShutdownHook] o.s.b.w.e.tomcat.GracefulShutdown        : Commencing graceful shutdown. Waiting for active requests to complete
2023-11-13T18:01:11.984+09:00  INFO 18236 --- [tomcat-shutdown] o.s.b.w.e.tomcat.GracefulShutdown        : Graceful shutdown complete
2023-11-13T18:01:12.014+09:00  INFO 18236 --- [SpringApplicationShutdownHook] j.LocalContainerEntityManagerFactoryBean : Closing JPA EntityManagerFactory for persistence unit 'default'
2023-11-13T18:01:12.156+09:00  INFO 18236 --- [SpringApplicationShutdownHook] com.zaxxer.hikari.HikariDataSource       : HikariPool-1 - Shutdown initiated...
2023-11-13T18:01:12.159+09:00  INFO 18236 --- [SpringApplicationShutdownHook] com.zaxxer.hikari.HikariDataSource       : HikariPool-1 - Shutdown completed.
2023-11-13T18:01:28.391+09:00  INFO 18277 --- [main] com.example.demo.DemoApplication         : Starting DemoApplication using Java 21.0.1 with PID 18277 (/Users/appmanager/Documents/spring-app/demo/target/classes started by appmanager in /Users/appmanager/Documents/spring-app/demo)
2023-11-13T18:01:28.396+09:00  INFO 18277 --- [main] com.example.demo.DemoApplication         : The following 1 profile is active: "local"
2023-11-13T18:01:29.796+09:00  INFO 18277 --- [main] .s.d.r.c.RepositoryConfigurationDelegate : Bootstrapping Spring Data JPA repositories in DEFAULT mode.
2023-11-13T18:01:29.905+09:00  INFO 18277 --- [main] .s.d.r.c.RepositoryConfigurationDelegate : Finished Spring Data repository scanning in 99 ms. Found 3 JPA repository interfaces.
2023-11-13T18:01:30.410+09:00  INFO 18277 --- [main] ptablePropertiesBeanFactoryPostProcessor : Post-processing PropertySource instances
2023-11-13T18:01:30.412+09:00  INFO 18277 --- [main] c.u.j.EncryptablePropertySourceConverter : Skipping PropertySource configurationProperties [class org.springframework.boot.context.properties.source.ConfigurationPropertySourcesPropertySource
2023-11-13T18:01:30.414+09:00  INFO 18277 --- [main] c.u.j.EncryptablePropertySourceConverter : Skipping PropertySource servletConfigInitParams [class org.springframework.core.env.PropertySource$StubPropertySource
2023-11-13T18:01:30.414+09:00  INFO 18277 --- [main] c.u.j.EncryptablePropertySourceConverter : Skipping PropertySource servletContextInitParams [class org.springframework.core.env.PropertySource$StubPropertySource
2023-11-13T18:01:30.415+09:00  INFO 18277 --- [main] c.u.j.EncryptablePropertySourceConverter : Converting PropertySource systemProperties [org.springframework.core.env.PropertiesPropertySource] to EncryptableMapPropertySourceWrapper
2023-11-13T18:01:30.416+09:00  INFO 18277 --- [main] c.u.j.EncryptablePropertySourceConverter : Converting PropertySource systemEnvironment [org.springframework.boot.env.SystemEnvironmentPropertySourceEnvironmentPostProcessor$OriginAwareSystemEnvironmentPropertySource] to EncryptableSystemEnvironmentPropertySourceWrapper
2023-11-13T18:01:30.416+09:00  INFO 18277 --- [main] c.u.j.EncryptablePropertySourceConverter : Converting PropertySource random [org.springframework.boot.env.RandomValuePropertySource] to EncryptablePropertySourceWrapper
2023-11-13T18:01:30.417+09:00  INFO 18277 --- [main] c.u.j.EncryptablePropertySourceConverter : Converting PropertySource Config resource 'class path resource [config/default-local.properties]' via location 'optional:classpath:/config/default.properties' [org.springframework.boot.env.OriginTrackedMapPropertySource] to EncryptableMapPropertySourceWrapper
2023-11-13T18:01:30.417+09:00  INFO 18277 --- [main] c.u.j.EncryptablePropertySourceConverter : Converting PropertySource Config resource 'class path resource [application-local.properties]' via location 'optional:classpath:/' [org.springframework.boot.env.OriginTrackedMapPropertySource] to EncryptableMapPropertySourceWrapper
2023-11-13T18:01:30.417+09:00  INFO 18277 --- [main] c.u.j.EncryptablePropertySourceConverter : Converting PropertySource Config resource 'class path resource [application.properties]' via location 'optional:classpath:/' [org.springframework.boot.env.OriginTrackedMapPropertySource] to EncryptableMapPropertySourceWrapper
2023-11-13T18:01:30.730+09:00  INFO 18277 --- [main] c.u.j.filter.DefaultLazyPropertyFilter   : Property Filter custom Bean not found with name 'encryptablePropertyFilter'. Initializing Default Property Filter
2023-11-13T18:01:30.749+09:00  INFO 18277 --- [main] c.u.j.r.DefaultLazyPropertyResolver      : Property Resolver custom Bean not found with name 'encryptablePropertyResolver'. Initializing Default Property Resolver
2023-11-13T18:01:30.753+09:00  INFO 18277 --- [main] c.u.j.d.DefaultLazyPropertyDetector      : Property Detector custom Bean not found with name 'encryptablePropertyDetector'. Initializing Default Property Detector
2023-11-13T18:01:31.165+09:00  INFO 18277 --- [main] o.s.b.w.embedded.tomcat.TomcatWebServer  : Tomcat initialized with port(s): 9090 (http)
2023-11-13T18:01:31.183+09:00  INFO 18277 --- [main] o.apache.catalina.core.StandardService   : Starting service [Tomcat]
2023-11-13T18:01:31.183+09:00  INFO 18277 --- [main] o.apache.catalina.core.StandardEngine    : Starting Servlet engine: [Apache Tomcat/10.1.15]
2023-11-13T18:01:31.335+09:00  INFO 18277 --- [main] o.a.c.c.C.[Tomcat].[localhost].[/]       : Initializing Spring embedded WebApplicationContext
2023-11-13T18:01:31.335+09:00  INFO 18277 --- [main] w.s.c.ServletWebServerApplicationContext : Root WebApplicationContext: initialization completed in 2750 ms
2023-11-13T18:01:31.411+09:00  INFO 18277 --- [main] com.zaxxer.hikari.HikariDataSource       : HikariPool-1 - Starting...
2023-11-13T18:01:32.013+09:00  INFO 18277 --- [main] com.zaxxer.hikari.pool.HikariPool        : HikariPool-1 - Added connection conn0: url=jdbc:h2:mem:testdb user=SA
2023-11-13T18:01:32.028+09:00  INFO 18277 --- [main] com.zaxxer.hikari.HikariDataSource       : HikariPool-1 - Start completed.
2023-11-13T18:01:32.049+09:00  INFO 18277 --- [main] o.s.b.a.h2.H2ConsoleAutoConfiguration    : H2 console available at '/h2-console'. Database available at 'jdbc:h2:mem:testdb'
2023-11-13T18:01:32.329+09:00  INFO 18277 --- [main] o.hibernate.jpa.internal.util.LogHelper  : HHH000204: Processing PersistenceUnitInfo [name: default]
2023-11-13T18:01:32.426+09:00  INFO 18277 --- [main] org.hibernate.Version                    : HHH000412: Hibernate ORM core version 6.2.13.Final
2023-11-13T18:01:32.430+09:00  INFO 18277 --- [main] org.hibernate.cfg.Environment            : HHH000406: Using bytecode reflection optimizer
2023-11-13T18:01:32.901+09:00  INFO 18277 --- [main] o.s.o.j.p.SpringPersistenceUnitInfo      : No LoadTimeWeaver setup: ignoring JPA class transformer
2023-11-13T18:01:34.423+09:00  INFO 18277 --- [main] o.h.e.t.j.p.i.JtaPlatformInitiator       : HHH000489: No JTA platform available (set 'hibernate.transaction.jta.platform' to enable JTA platform integration)
2023-11-13T18:01:34.494+09:00  INFO 18277 --- [main] j.LocalContainerEntityManagerFactoryBean : Initialized JPA EntityManagerFactory for persistence unit 'default'
2023-11-13T18:01:35.263+09:00  INFO 18277 --- [main] o.s.d.j.r.query.QueryEnhancerFactory     : Hibernate is in classpath; If applicable, HQL parser will be used.
2023-11-13T18:01:36.105+09:00  WARN 18277 --- [main] JpaBaseConfiguration$JpaWebConfiguration : spring.jpa.open-in-view is enabled by default. Therefore, database queries may be performed during view rendering. Explicitly configure spring.jpa.open-in-view to disable this warning
2023-11-13T18:01:36.714+09:00  INFO 18277 --- [main] o.s.b.w.embedded.tomcat.TomcatWebServer  : Tomcat started on port(s): 9090 (http) with context path ''
2023-11-13T18:01:36.715+09:00  INFO 18277 --- [main] u.j.c.RefreshScopeRefreshedEventListener : Refreshing cached encryptable property sources on ServletWebServerInitializedEvent
2023-11-13T18:01:36.716+09:00  INFO 18277 --- [main] CachingDelegateEncryptablePropertySource : Property Source systemProperties refreshed
2023-11-13T18:01:36.716+09:00  INFO 18277 --- [main] CachingDelegateEncryptablePropertySource : Property Source systemEnvironment refreshed
2023-11-13T18:01:36.716+09:00  INFO 18277 --- [main] CachingDelegateEncryptablePropertySource : Property Source random refreshed
2023-11-13T18:01:36.717+09:00  INFO 18277 --- [main] CachingDelegateEncryptablePropertySource : Property Source Config resource 'class path resource [config/default-local.properties]' via location 'optional:classpath:/config/default.properties' refreshed
2023-11-13T18:01:36.717+09:00  INFO 18277 --- [main] CachingDelegateEncryptablePropertySource : Property Source Config resource 'class path resource [application-local.properties]' via location 'optional:classpath:/' refreshed
2023-11-13T18:01:36.717+09:00  INFO 18277 --- [main] CachingDelegateEncryptablePropertySource : Property Source Config resource 'class path resource [application.properties]' via location 'optional:classpath:/' refreshed
2023-11-13T18:01:36.717+09:00  INFO 18277 --- [main] c.u.j.EncryptablePropertySourceConverter : Skipping PropertySource configurationProperties [class org.springframework.boot.context.properties.source.ConfigurationPropertySourcesPropertySource
2023-11-13T18:01:36.718+09:00  INFO 18277 --- [main] c.u.j.EncryptablePropertySourceConverter : Skipping PropertySource servletConfigInitParams [class org.springframework.core.env.PropertySource$StubPropertySource
2023-11-13T18:01:36.719+09:00  INFO 18277 --- [main] c.u.j.EncryptablePropertySourceConverter : Converting PropertySource servletContextInitParams [org.springframework.web.context.support.ServletContextPropertySource] to EncryptableEnumerablePropertySourceWrapper
2023-11-13T18:01:36.732+09:00  INFO 18277 --- [main] com.example.demo.DemoApplication         : Started DemoApplication in 9.562 seconds (process running for 10.679)
2023-11-13T18:05:46.199+09:00  INFO 18277 --- [SpringApplicationShutdownHook] o.s.b.w.e.tomcat.GracefulShutdown        : Commencing graceful shutdown. Waiting for active requests to complete
2023-11-13T18:05:46.225+09:00  INFO 18277 --- [tomcat-shutdown] o.s.b.w.e.tomcat.GracefulShutdown        : Graceful shutdown complete
2023-11-13T18:05:46.260+09:00  INFO 18277 --- [SpringApplicationShutdownHook] j.LocalContainerEntityManagerFactoryBean : Closing JPA EntityManagerFactory for persistence unit 'default'
2023-11-13T18:05:46.391+09:00  INFO 18277 --- [SpringApplicationShutdownHook] com.zaxxer.hikari.HikariDataSource       : HikariPool-1 - Shutdown initiated...
2023-11-13T18:05:46.395+09:00  INFO 18277 --- [SpringApplicationShutdownHook] com.zaxxer.hikari.HikariDataSource       : HikariPool-1 - Shutdown completed.
